<?xml version="1.0" encoding="UTF-8"?>
<!-- Generated by org.testng.reporters.JUnitReportReporter -->
<testsuite skipped="0" hostname="Ramesh-RR" name="com.companyname.AppTest" tests="1" failures="0" timestamp="2020-11-29T14:46:10 IST" time="2.865" errors="0">
  <testcase name="shouldAnswerWithTrue" time="2.865" classname="com.companyname.AppTest"/>
</testsuite> <!-- com.companyname.AppTest -->
