<?xml version="1.0" encoding="UTF-8"?>
<!-- Generated by org.testng.reporters.JUnitReportReporter -->
<testsuite skipped="0" hostname="Ramesh-RR" name="com.companyname.AppTest" tests="2" failures="0" timestamp="2020-11-26T19:36:32 IST" time="3.237" errors="0">
  <testcase name="shouldAnswerWithTrue1" time="0.338" classname="com.companyname.AppTest"/>
  <testcase name="shouldAnswerWithTrue" time="2.899" classname="com.companyname.AppTest"/>
</testsuite> <!-- com.companyname.AppTest -->
